{"uuid":"5d1df119-38d5-4ddb-a337-6c47c5aee81c","historyId":"374d556846f86619d3f34caad780aee7","fullName":"US_18 As an administrator, I want to access the loan plan details of a user with a specified ID via API connection.: TC_05 The contents of data (id, category_id, form_id, name, title, minimum_amount, maximum_amount,","labels":[{"name":"tag","value":"merhaba"},{"name":"host","value":"DESKTOP-Q8IV5AD"},{"name":"thread","value":"6396@DESKTOP-Q8IV5AD.main(1)"},{"name":"feature","value":"US_18 As an administrator, I want to access the loan plan details of a user with a specified ID via API connection."},{"name":"story","value":"TC_05 The contents of data (id, category_id, form_id, name, title, minimum_amount, maximum_amount,"},{"name":"suite","value":"US_18 As an administrator, I want to access the loan plan details of a user with a specified ID via API connection."},{"name":"testClass","value":"TC_05 The contents of data (id, category_id, form_id, name, title, minimum_amount, maximum_amount,"},{"name":"framework","value":"cucumber4jvm"},{"name":"language","value":"java"},{"name":"gherkin_uri","value":"file:///C:/Users/kantoor/Desktop/com.LoanTechExperBackendTeam1/src/test/resources/features/api/Admin/Loan%20Plans/Loanplansdetails.feature"},{"name":"package","value":"src.test.resources.features.api.Admin.Loan Plans.Loanplansdetails_feature.US_18 As an administrator, I want to access the loan plan details of a user with a specified ID via API connection."}],"links":[],"name":"TC_05 The contents of data (id, category_id, form_id, name, title, minimum_amount, maximum_amount,","status":"broken","statusDetails":{"known":false,"muted":false,"flaky":false,"message":"Could not invoke step [The API adminuser verifies that the content of the data {int} field in the response body includes {int}, {int}, {int}, {string}, {string}, {string}, {string}, {string}, {int}, {int}, {string}, {string}, {string}, {int}, {double}, {string}, {int}, {int}, {string}, {string}] defined at 'stepdefinitions.CommonApi.the_apı_adminuser_verifies_that_the_content_of_the_data_field_in_the_response_body_includes(int,int,int,int,java.lang.String,java.lang.String,java.lang.String,java.lang.String,java.lang.String,int,int,java.lang.String,java.lang.String,java.lang.String,int,int,java.lang.String,int,int,java.lang.String,java.lang.String)'.\nIt appears there was a problem with the step definition.\nThe converted arguments types were (java.lang.Integer, java.lang.Integer, java.lang.Integer, java.lang.Integer, java.lang.String, java.lang.String, java.lang.String, java.lang.String, java.lang.String, java.lang.Integer, java.lang.Integer, java.lang.String, java.lang.String, java.lang.String, java.lang.Integer, java.lang.Double, java.lang.String, java.lang.Integer, java.lang.Integer, java.lang.String, java.lang.String)","trace":"io.cucumber.core.exception.CucumberException: Could not invoke step [The API adminuser verifies that the content of the data {int} field in the response body includes {int}, {int}, {int}, {string}, {string}, {string}, {string}, {string}, {int}, {int}, {string}, {string}, {string}, {int}, {double}, {string}, {int}, {int}, {string}, {string}] defined at 'stepdefinitions.CommonApi.the_apı_adminuser_verifies_that_the_content_of_the_data_field_in_the_response_body_includes(int,int,int,int,java.lang.String,java.lang.String,java.lang.String,java.lang.String,java.lang.String,int,int,java.lang.String,java.lang.String,java.lang.String,int,int,java.lang.String,int,int,java.lang.String,java.lang.String)'.\nIt appears there was a problem with the step definition.\nThe converted arguments types were (java.lang.Integer, java.lang.Integer, java.lang.Integer, java.lang.Integer, java.lang.String, java.lang.String, java.lang.String, java.lang.String, java.lang.String, java.lang.Integer, java.lang.Integer, java.lang.String, java.lang.String, java.lang.String, java.lang.Integer, java.lang.Double, java.lang.String, java.lang.Integer, java.lang.Integer, java.lang.String, java.lang.String)\r\n\tat io.cucumber.core.runner.PickleStepDefinitionMatch.couldNotInvokeStep(PickleStepDefinitionMatch.java:130)\r\n\tat io.cucumber.core.runner.PickleStepDefinitionMatch.runStep(PickleStepDefinitionMatch.java:65)\r\n\tat io.cucumber.core.runner.ExecutionMode$1.execute(ExecutionMode.java:10)\r\n\tat io.cucumber.core.runner.TestStep.executeStep(TestStep.java:85)\r\n\tat io.cucumber.core.runner.TestStep.run(TestStep.java:57)\r\n\tat io.cucumber.core.runner.PickleStepTestStep.run(PickleStepTestStep.java:51)\r\n\tat io.cucumber.core.runner.TestCase.run(TestCase.java:84)\r\n\tat io.cucumber.core.runner.Runner.runPickle(Runner.java:75)\r\n\tat io.cucumber.junit.PickleRunners$NoStepDescriptions.lambda$run$0(PickleRunners.java:151)\r\n\tat io.cucumber.core.runtime.CucumberExecutionContext.lambda$runTestCase$5(CucumberExecutionContext.java:129)\r\n\tat io.cucumber.core.runtime.RethrowingThrowableCollector.executeAndThrow(RethrowingThrowableCollector.java:23)\r\n\tat io.cucumber.core.runtime.CucumberExecutionContext.runTestCase(CucumberExecutionContext.java:129)\r\n\tat io.cucumber.junit.PickleRunners$NoStepDescriptions.run(PickleRunners.java:148)\r\n\tat io.cucumber.junit.FeatureRunner.runChild(FeatureRunner.java:144)\r\n\tat io.cucumber.junit.FeatureRunner.runChild(FeatureRunner.java:28)\r\n\tat org.junit.runners.ParentRunner$4.run(ParentRunner.java:331)\r\n\tat org.junit.runners.ParentRunner$1.schedule(ParentRunner.java:79)\r\n\tat org.junit.runners.ParentRunner.runChildren(ParentRunner.java:329)\r\n\tat org.junit.runners.ParentRunner.access$100(ParentRunner.java:66)\r\n\tat org.junit.runners.ParentRunner$2.evaluate(ParentRunner.java:293)\r\n\tat org.junit.runners.ParentRunner$3.evaluate(ParentRunner.java:306)\r\n\tat org.junit.runners.ParentRunner.run(ParentRunner.java:413)\r\n\tat io.cucumber.junit.FeatureRunner.run(FeatureRunner.java:137)\r\n\tat io.cucumber.junit.Cucumber.runChild(Cucumber.java:196)\r\n\tat io.cucumber.junit.Cucumber.runChild(Cucumber.java:89)\r\n\tat org.junit.runners.ParentRunner$4.run(ParentRunner.java:331)\r\n\tat org.junit.runners.ParentRunner$1.schedule(ParentRunner.java:79)\r\n\tat org.junit.runners.ParentRunner.runChildren(ParentRunner.java:329)\r\n\tat org.junit.runners.ParentRunner.access$100(ParentRunner.java:66)\r\n\tat org.junit.runners.ParentRunner$2.evaluate(ParentRunner.java:293)\r\n\tat io.cucumber.junit.Cucumber$RunBeforeAllHooks.evaluate(Cucumber.java:266)\r\n\tat io.cucumber.junit.Cucumber$RunAfterAllHooks.evaluate(Cucumber.java:281)\r\n\tat io.cucumber.junit.Cucumber$StartTestRun.evaluate(Cucumber.java:233)\r\n\tat io.cucumber.junit.Cucumber$FinishTestRun.evaluate(Cucumber.java:248)\r\n\tat org.junit.runners.ParentRunner$3.evaluate(ParentRunner.java:306)\r\n\tat org.junit.runners.ParentRunner.run(ParentRunner.java:413)\r\n\tat org.junit.runner.JUnitCore.run(JUnitCore.java:137)\r\n\tat com.intellij.junit4.JUnit4IdeaTestRunner.startRunnerWithArgs(JUnit4IdeaTestRunner.java:69)\r\n\tat com.intellij.rt.junit.IdeaTestRunner$Repeater$1.execute(IdeaTestRunner.java:38)\r\n\tat com.intellij.rt.execution.junit.TestsRepeater.repeat(TestsRepeater.java:11)\r\n\tat com.intellij.rt.junit.IdeaTestRunner$Repeater.startRunnerWithArgs(IdeaTestRunner.java:35)\r\n\tat com.intellij.rt.junit.JUnitStarter.prepareStreamsAndStart(JUnitStarter.java:232)\r\n\tat com.intellij.rt.junit.JUnitStarter.main(JUnitStarter.java:55)\r\nCaused by: io.cucumber.core.backend.CucumberBackendException: Failed to invoke public void stepdefinitions.CommonApi.the_apı_adminuser_verifies_that_the_content_of_the_data_field_in_the_response_body_includes(int,int,int,int,java.lang.String,java.lang.String,java.lang.String,java.lang.String,java.lang.String,int,int,java.lang.String,java.lang.String,java.lang.String,int,int,java.lang.String,int,int,java.lang.String,java.lang.String)\r\n\tat io.cucumber.java.Invoker.doInvoke(Invoker.java:68)\r\n\tat io.cucumber.java.Invoker.invoke(Invoker.java:24)\r\n\tat io.cucumber.java.AbstractGlueDefinition.invokeMethod(AbstractGlueDefinition.java:47)\r\n\tat io.cucumber.java.JavaStepDefinition.execute(JavaStepDefinition.java:29)\r\n\tat io.cucumber.core.runner.CoreStepDefinition.execute(CoreStepDefinition.java:66)\r\n\tat io.cucumber.core.runner.PickleStepDefinitionMatch.runStep(PickleStepDefinitionMatch.java:63)\r\n\t... 41 more\r\nCaused by: java.lang.IllegalArgumentException: argument type mismatch\r\n\tat java.base/jdk.internal.reflect.NativeMethodAccessorImpl.invoke0(Native Method)\r\n\tat java.base/jdk.internal.reflect.NativeMethodAccessorImpl.invoke(NativeMethodAccessorImpl.java:62)\r\n\tat java.base/jdk.internal.reflect.DelegatingMethodAccessorImpl.invoke(DelegatingMethodAccessorImpl.java:43)\r\n\tat java.base/java.lang.reflect.Method.invoke(Method.java:566)\r\n\tat io.cucumber.java.Invoker.doInvoke(Invoker.java:66)\r\n\t... 46 more\r\n"},"stage":"finished","description":"            per_installment, installment_interval, total_installment, application_fixed_charge, application_percent_charge,\n            instruction, delay_value, fixed_charge, percent_charge, is_featured, status, created_at, updated_at)\n             in the request body should be verified","steps":[{"name":"*  The API user sets \"api/loanplans/details/139\" path parameters","status":"passed","statusDetails":{"known":false,"muted":false,"flaky":false},"stage":"finished","steps":[],"attachments":[],"parameters":[],"start":1703961972586,"stop":1703961972647},{"name":"*  The API adminuser saves the response from the loanplans details endpoint with valid authorization information","status":"passed","statusDetails":{"known":false,"muted":false,"flaky":false},"stage":"finished","steps":[],"attachments":[],"parameters":[],"start":1703961972649,"stop":1703961975984},{"name":"*  The API adminuser verifies that the content of the data 0 field in the response body includes 139, 1, 392, \"Car Loan 9\", \"Car Loan 9\", \"2000.00000000\", \"5000.00000000\", \"4.00\", 20, 20, \"20.00000000\", \"3.00000000\", \"Car Loan Plan 9\", 25, 100.00000000, \"1.00000000\", 0, 1, \"2023-12-30T17:30:38.000000Z\", \"2023-12-30T17:30:38.000000Z\"","status":"broken","statusDetails":{"known":false,"muted":false,"flaky":false,"message":"Could not invoke step [The API adminuser verifies that the content of the data {int} field in the response body includes {int}, {int}, {int}, {string}, {string}, {string}, {string}, {string}, {int}, {int}, {string}, {string}, {string}, {int}, {double}, {string}, {int}, {int}, {string}, {string}] defined at 'stepdefinitions.CommonApi.the_apı_adminuser_verifies_that_the_content_of_the_data_field_in_the_response_body_includes(int,int,int,int,java.lang.String,java.lang.String,java.lang.String,java.lang.String,java.lang.String,int,int,java.lang.String,java.lang.String,java.lang.String,int,int,java.lang.String,int,int,java.lang.String,java.lang.String)'.\nIt appears there was a problem with the step definition.\nThe converted arguments types were (java.lang.Integer, java.lang.Integer, java.lang.Integer, java.lang.Integer, java.lang.String, java.lang.String, java.lang.String, java.lang.String, java.lang.String, java.lang.Integer, java.lang.Integer, java.lang.String, java.lang.String, java.lang.String, java.lang.Integer, java.lang.Double, java.lang.String, java.lang.Integer, java.lang.Integer, java.lang.String, java.lang.String)","trace":"io.cucumber.core.exception.CucumberException: Could not invoke step [The API adminuser verifies that the content of the data {int} field in the response body includes {int}, {int}, {int}, {string}, {string}, {string}, {string}, {string}, {int}, {int}, {string}, {string}, {string}, {int}, {double}, {string}, {int}, {int}, {string}, {string}] defined at 'stepdefinitions.CommonApi.the_apı_adminuser_verifies_that_the_content_of_the_data_field_in_the_response_body_includes(int,int,int,int,java.lang.String,java.lang.String,java.lang.String,java.lang.String,java.lang.String,int,int,java.lang.String,java.lang.String,java.lang.String,int,int,java.lang.String,int,int,java.lang.String,java.lang.String)'.\nIt appears there was a problem with the step definition.\nThe converted arguments types were (java.lang.Integer, java.lang.Integer, java.lang.Integer, java.lang.Integer, java.lang.String, java.lang.String, java.lang.String, java.lang.String, java.lang.String, java.lang.Integer, java.lang.Integer, java.lang.String, java.lang.String, java.lang.String, java.lang.Integer, java.lang.Double, java.lang.String, java.lang.Integer, java.lang.Integer, java.lang.String, java.lang.String)\r\n\tat io.cucumber.core.runner.PickleStepDefinitionMatch.couldNotInvokeStep(PickleStepDefinitionMatch.java:130)\r\n\tat io.cucumber.core.runner.PickleStepDefinitionMatch.runStep(PickleStepDefinitionMatch.java:65)\r\n\tat io.cucumber.core.runner.ExecutionMode$1.execute(ExecutionMode.java:10)\r\n\tat io.cucumber.core.runner.TestStep.executeStep(TestStep.java:85)\r\n\tat io.cucumber.core.runner.TestStep.run(TestStep.java:57)\r\n\tat io.cucumber.core.runner.PickleStepTestStep.run(PickleStepTestStep.java:51)\r\n\tat io.cucumber.core.runner.TestCase.run(TestCase.java:84)\r\n\tat io.cucumber.core.runner.Runner.runPickle(Runner.java:75)\r\n\tat io.cucumber.junit.PickleRunners$NoStepDescriptions.lambda$run$0(PickleRunners.java:151)\r\n\tat io.cucumber.core.runtime.CucumberExecutionContext.lambda$runTestCase$5(CucumberExecutionContext.java:129)\r\n\tat io.cucumber.core.runtime.RethrowingThrowableCollector.executeAndThrow(RethrowingThrowableCollector.java:23)\r\n\tat io.cucumber.core.runtime.CucumberExecutionContext.runTestCase(CucumberExecutionContext.java:129)\r\n\tat io.cucumber.junit.PickleRunners$NoStepDescriptions.run(PickleRunners.java:148)\r\n\tat io.cucumber.junit.FeatureRunner.runChild(FeatureRunner.java:144)\r\n\tat io.cucumber.junit.FeatureRunner.runChild(FeatureRunner.java:28)\r\n\tat org.junit.runners.ParentRunner$4.run(ParentRunner.java:331)\r\n\tat org.junit.runners.ParentRunner$1.schedule(ParentRunner.java:79)\r\n\tat org.junit.runners.ParentRunner.runChildren(ParentRunner.java:329)\r\n\tat org.junit.runners.ParentRunner.access$100(ParentRunner.java:66)\r\n\tat org.junit.runners.ParentRunner$2.evaluate(ParentRunner.java:293)\r\n\tat org.junit.runners.ParentRunner$3.evaluate(ParentRunner.java:306)\r\n\tat org.junit.runners.ParentRunner.run(ParentRunner.java:413)\r\n\tat io.cucumber.junit.FeatureRunner.run(FeatureRunner.java:137)\r\n\tat io.cucumber.junit.Cucumber.runChild(Cucumber.java:196)\r\n\tat io.cucumber.junit.Cucumber.runChild(Cucumber.java:89)\r\n\tat org.junit.runners.ParentRunner$4.run(ParentRunner.java:331)\r\n\tat org.junit.runners.ParentRunner$1.schedule(ParentRunner.java:79)\r\n\tat org.junit.runners.ParentRunner.runChildren(ParentRunner.java:329)\r\n\tat org.junit.runners.ParentRunner.access$100(ParentRunner.java:66)\r\n\tat org.junit.runners.ParentRunner$2.evaluate(ParentRunner.java:293)\r\n\tat io.cucumber.junit.Cucumber$RunBeforeAllHooks.evaluate(Cucumber.java:266)\r\n\tat io.cucumber.junit.Cucumber$RunAfterAllHooks.evaluate(Cucumber.java:281)\r\n\tat io.cucumber.junit.Cucumber$StartTestRun.evaluate(Cucumber.java:233)\r\n\tat io.cucumber.junit.Cucumber$FinishTestRun.evaluate(Cucumber.java:248)\r\n\tat org.junit.runners.ParentRunner$3.evaluate(ParentRunner.java:306)\r\n\tat org.junit.runners.ParentRunner.run(ParentRunner.java:413)\r\n\tat org.junit.runner.JUnitCore.run(JUnitCore.java:137)\r\n\tat com.intellij.junit4.JUnit4IdeaTestRunner.startRunnerWithArgs(JUnit4IdeaTestRunner.java:69)\r\n\tat com.intellij.rt.junit.IdeaTestRunner$Repeater$1.execute(IdeaTestRunner.java:38)\r\n\tat com.intellij.rt.execution.junit.TestsRepeater.repeat(TestsRepeater.java:11)\r\n\tat com.intellij.rt.junit.IdeaTestRunner$Repeater.startRunnerWithArgs(IdeaTestRunner.java:35)\r\n\tat com.intellij.rt.junit.JUnitStarter.prepareStreamsAndStart(JUnitStarter.java:232)\r\n\tat com.intellij.rt.junit.JUnitStarter.main(JUnitStarter.java:55)\r\nCaused by: io.cucumber.core.backend.CucumberBackendException: Failed to invoke public void stepdefinitions.CommonApi.the_apı_adminuser_verifies_that_the_content_of_the_data_field_in_the_response_body_includes(int,int,int,int,java.lang.String,java.lang.String,java.lang.String,java.lang.String,java.lang.String,int,int,java.lang.String,java.lang.String,java.lang.String,int,int,java.lang.String,int,int,java.lang.String,java.lang.String)\r\n\tat io.cucumber.java.Invoker.doInvoke(Invoker.java:68)\r\n\tat io.cucumber.java.Invoker.invoke(Invoker.java:24)\r\n\tat io.cucumber.java.AbstractGlueDefinition.invokeMethod(AbstractGlueDefinition.java:47)\r\n\tat io.cucumber.java.JavaStepDefinition.execute(JavaStepDefinition.java:29)\r\n\tat io.cucumber.core.runner.CoreStepDefinition.execute(CoreStepDefinition.java:66)\r\n\tat io.cucumber.core.runner.PickleStepDefinitionMatch.runStep(PickleStepDefinitionMatch.java:63)\r\n\t... 41 more\r\nCaused by: java.lang.IllegalArgumentException: argument type mismatch\r\n\tat java.base/jdk.internal.reflect.NativeMethodAccessorImpl.invoke0(Native Method)\r\n\tat java.base/jdk.internal.reflect.NativeMethodAccessorImpl.invoke(NativeMethodAccessorImpl.java:62)\r\n\tat java.base/jdk.internal.reflect.DelegatingMethodAccessorImpl.invoke(DelegatingMethodAccessorImpl.java:43)\r\n\tat java.base/java.lang.reflect.Method.invoke(Method.java:566)\r\n\tat io.cucumber.java.Invoker.doInvoke(Invoker.java:66)\r\n\t... 46 more\r\n"},"stage":"finished","steps":[],"attachments":[],"parameters":[],"start":1703961975985,"stop":1703961975996}],"attachments":[],"parameters":[{"name":"dataindex","value":"0"},{"name":"id","value":"139"},{"name":"category_id","value":"1"},{"name":"form_id","value":"392"},{"name":"name","value":"Car Loan 9"},{"name":"title","value":"Car Loan 9"},{"name":"minimum_amount","value":"2000.00000000"},{"name":"maximum_amount","value":"5000.00000000"},{"name":"per_installment","value":"4.00"},{"name":"installment_interval","value":"20"},{"name":"total_installment","value":"20"},{"name":"application_fixed_charge","value":"20.00000000"},{"name":"application_percent_charge","value":"3.00000000"},{"name":"instruction","value":"Car Loan Plan 9"},{"name":"delay_value","value":"25"},{"name":"fixed_charge","value":"100.00000000"},{"name":"percent_charge","value":"1.00000000"},{"name":"is_featured","value":"0"},{"name":"status","value":"1"},{"name":"created_at","value":"2023-12-30T17:30:38.000000Z"},{"name":"updated_at","value":"2023-12-30T17:30:38.000000Z"}],"start":1703961971460,"stop":1703961976021}